src/services/notification.ts(2,15): error TS6133: 'ChannelConfig' is declared but its value is never read.
src/services/notification.ts(410,9): error TS6133: 'url' is declared but its value is never read.
src/services/subscription.ts(31,7): error TS2739: Type '{ year: number; month: number; day: number; isLeap: boolean; }' is missing the following properties from type 'LunarDate': yearStr, monthStr, dayStr, fullStr
src/services/subscription.ts(31,39): error TS2345: Argument of type 'LunarDate | null' is not assignable to parameter of type '{ year: number; month: number; day: number; isLeap: boolean; }'.
  Type 'null' is not assignable to type '{ year: number; month: number; day: number; isLeap: boolean; }'.
src/services/subscription.ts(32,42): error TS2345: Argument of type 'LunarDate | null' is not assignable to parameter of type '{ year: number; month: number; day: number; isLeap: boolean; }'.
  Type 'null' is not assignable to type '{ year: number; month: number; day: number; isLeap: boolean; }'.
src/services/subscription.ts(86,13): error TS6133: 'subscriptions' is declared but its value is never read.
src/templates/wenotify_skin.ts(3,34): error TS7006: Parameter 'title' implicitly has an 'any' type.
src/templates/wenotify_skin.ts(3,41): error TS7006: Parameter 'message' implicitly has an 'any' type.
src/templates/wenotify_skin.ts(3,50): error TS7006: Parameter 'date' implicitly has an 'any' type.
src/templates/wenotify_skin.ts(36,20): error TS7006: Parameter 'label' implicitly has an 'any' type.
src/templates/wenotify_skin.ts(36,27): error TS7006: Parameter 'value' implicitly has an 'any' type.
src/templates/wenotify_skin.ts(36,34): error TS7006: Parameter 'color' implicitly has an 'any' type.
src/templates/wenotify_skin.ts(36,41): error TS7006: Parameter 'labelColor' implicitly has an 'any' type.
src/templates/wenotify_skin.ts(46,15): error TS2554: Expected 4 arguments, but got 2.
src/templates/wenotify_skin.ts(47,15): error TS2554: Expected 4 arguments, but got 2.
src/templates/wenotify_skin.ts(49,15): error TS2554: Expected 4 arguments, but got 2.
src/templates/wenotify_skin.ts(50,15): error TS2554: Expected 4 arguments, but got 2.
src/templates/wenotify_skin.ts(52,15): error TS2554: Expected 4 arguments, but got 2.
src/templates/wenotify_skin.ts(108,15): error TS7006: Parameter 'request' implicitly has an 'any' type.
src/utils/date.ts(1,42): error TS6133: 'timezone' is declared but its value is never read.
src/utils/date.ts(17,71): error TS6133: 'timezone' is declared but its value is never read.
src/utils/logger.ts(34,13): error TS2698: Spread types may only be created from object types.
src/utils/rateLimit.ts(87,103): error TS2551: Property 'WINDOW_MS' does not exist on type '{ readonly maxRequests: 100; readonly windowMs: 60000; }'. Did you mean 'windowMs'?
src/worker.ts(21,1): error TS6192: All imports in import declaration are unused.
src/worker.ts(46,43): error TS6133: 'ctx' is declared but its value is never read.
src/worker.ts(81,19): error TS6133: 'event' is declared but its value is never read.
src/worker.ts(120,34): error TS6133: 'request' is declared but its value is never read.
src/worker.ts(120,52): error TS6133: 'env' is declared but its value is never read.
